11:39:14 **** Incremental Build of configuration Debug for project vectorAddition ****
make all 
Building file: ../q1.c
Invoking: GCC C Compiler
gcc -I/usr/include -O0 -g3 -Wall -c -fmessage-length=0 -MMD -MP -MF"q1.d" -MT"q1.o" -o "q1.o" "../q1.c"
In file included from /usr/include/CL/cl.h:36,
                 from ../q1.c:3:
/usr/include/CL/cl_version.h:34:9: note: #pragma message: cl_version.h: CL_TARGET_OPENCL_VERSION is not defined. Defaulting to 220 (OpenCL 2.2)
 #pragma message("cl_version.h: CL_TARGET_OPENCL_VERSION is not defined. Defaulting to 220 (OpenCL 2.2)")
         ^~~~~~~
../q1.c: In function ‘main’:
../q1.c:30:36: warning: pointer targets in passing argument 3 of ‘clGetPlatformIDs’ differ in signedness [-Wpointer-sign]
     ret = clGetPlatformIDs(1, &pl, &ret_pl_num);
                                    ^~~~~~~~~~~
In file included from ../q1.c:3:
/usr/include/CL/cl.h:844:1: note: expected ‘cl_uint *’ {aka ‘unsigned int *’} but argument is of type ‘cl_int *’ {aka ‘int *’}
 clGetPlatformIDs(cl_uint          /* num_entries */,
 ^~~~~~~~~~~~~~~~
../q1.c:31:61: warning: pointer targets in passing argument 5 of ‘clGetDeviceIDs’ differ in signedness [-Wpointer-sign]
     ret = clGetDeviceIDs(pl, CL_DEVICE_TYPE_GPU, 1, &devid, &ret_dev_nums);
                                                             ^~~~~~~~~~~~~
In file included from ../q1.c:3:
/usr/include/CL/cl.h:857:1: note: expected ‘cl_uint *’ {aka ‘unsigned int *’} but argument is of type ‘cl_int *’ {aka ‘int *’}
 clGetDeviceIDs(cl_platform_id   /* platform */,
 ^~~~~~~~~~~~~~
../q1.c:33:71: warning: pointer targets in passing argument 6 of ‘clCreateContext’ differ in signedness [-Wpointer-sign]
     cl_context context = clCreateContext(NULL, 1, &devid, NULL, NULL, &ret);
                                                                       ^~~~
In file included from ../q1.c:3:
/usr/include/CL/cl.h:907:1: note: expected ‘cl_int *’ {aka ‘int *’} but argument is of type ‘cl_uint *’ {aka ‘unsigned int *’}
 clCreateContext(const cl_context_properties * /* properties */,
 ^~~~~~~~~~~~~~~
../q1.c:34:5: warning: ‘clCreateCommandQueue’ is deprecated [-Wdeprecated-declarations]
     cl_command_queue cq = clCreateCommandQueue(context, devid, CL_QUEUE_PROFILING_ENABLE, &ret);
     ^~~~~~~~~~~~~~~~
In file included from ../q1.c:3:
/usr/include/CL/cl.h:1741:1: note: declared here
 clCreateCommandQueue(cl_context                     /* context */,
 ^~~~~~~~~~~~~~~~~~~~
../q1.c:34:91: warning: pointer targets in passing argument 4 of ‘clCreateCommandQueue’ differ in signedness [-Wpointer-sign]
     cl_command_queue cq = clCreateCommandQueue(context, devid, CL_QUEUE_PROFILING_ENABLE, &ret);
                                                                                           ^~~~
In file included from ../q1.c:3:
/usr/include/CL/cl.h:1741:1: note: expected ‘cl_int *’ {aka ‘int *’} but argument is of type ‘cl_uint *’ {aka ‘unsigned int *’}
 clCreateCommandQueue(cl_context                     /* context */,
 ^~~~~~~~~~~~~~~~~~~~
../q1.c:36:87: warning: pointer targets in passing argument 5 of ‘clCreateBuffer’ differ in signedness [-Wpointer-sign]
     cl_mem aMemObj = clCreateBuffer(context, CL_MEM_READ_ONLY, n * sizeof(int), NULL, &ret);
                                                                                       ^~~~
In file included from ../q1.c:3:
/usr/include/CL/cl.h:961:1: note: expected ‘cl_int *’ {aka ‘int *’} but argument is of type ‘cl_uint *’ {aka ‘unsigned int *’}
 clCreateBuffer(cl_context   /* context */,
 ^~~~~~~~~~~~~~
../q1.c:37:87: warning: pointer targets in passing argument 5 of ‘clCreateBuffer’ differ in signedness [-Wpointer-sign]
     cl_mem bMemObj = clCreateBuffer(context, CL_MEM_READ_ONLY, n * sizeof(int), NULL, &ret);
                                                                                       ^~~~
In file included from ../q1.c:3:
/usr/include/CL/cl.h:961:1: note: expected ‘cl_int *’ {aka ‘int *’} but argument is of type ‘cl_uint *’ {aka ‘unsigned int *’}
 clCreateBuffer(cl_context   /* context */,
 ^~~~~~~~~~~~~~
../q1.c:38:88: warning: pointer targets in passing argument 5 of ‘clCreateBuffer’ differ in signedness [-Wpointer-sign]
     cl_mem cMemObj = clCreateBuffer(context, CL_MEM_WRITE_ONLY, n * sizeof(int), NULL, &ret);
                                                                                        ^~~~
In file included from ../q1.c:3:
/usr/include/CL/cl.h:961:1: note: expected ‘cl_int *’ {aka ‘int *’} but argument is of type ‘cl_uint *’ {aka ‘unsigned int *’}
 clCreateBuffer(cl_context   /* context */,
 ^~~~~~~~~~~~~~
../q1.c:54:61: warning: passing argument 3 of ‘clCreateProgramWithSource’ from incompatible pointer type [-Wincompatible-pointer-types]
     cl_program prgm = clCreateProgramWithSource(context, 1, &prgrmStr, &prgrmSize, &ret);
                                                             ^~~~~~~~~
In file included from ../q1.c:3:
/usr/include/CL/cl.h:1094:27: note: expected ‘const char **’ but argument is of type ‘char **’
                           const char **     /* strings */,
                           ^~~~~~~~~~~~~
../q1.c:54:84: warning: pointer targets in passing argument 5 of ‘clCreateProgramWithSource’ differ in signedness [-Wpointer-sign]
     cl_program prgm = clCreateProgramWithSource(context, 1, &prgrmStr, &prgrmSize, &ret);
                                                                                    ^~~~
In file included from ../q1.c:3:
/usr/include/CL/cl.h:1092:1: note: expected ‘cl_int *’ {aka ‘int *’} but argument is of type ‘cl_uint *’ {aka ‘unsigned int *’}
 clCreateProgramWithSource(cl_context        /* context */,
 ^~~~~~~~~~~~~~~~~~~~~~~~~
../q1.c:57:55: warning: pointer targets in passing argument 3 of ‘clCreateKernel’ differ in signedness [-Wpointer-sign]
     cl_kernel kernel = clCreateKernel(prgm, "vecadd", &ret);
                                                       ^~~~
In file included from ../q1.c:3:
/usr/include/CL/cl.h:1207:1: note: expected ‘cl_int *’ {aka ‘int *’} but argument is of type ‘cl_uint *’ {aka ‘unsigned int *’}
 clCreateKernel(cl_program      /* program */,
 ^~~~~~~~~~~~~~
Finished building: ../q1.c
 
Building target: vectorAddition
Invoking: GCC C Linker
gcc -L/usr/lib/x86_64-linux-gnu -o "vectorAddition"  ./q1.o   -lOpenCL
Finished building target: vectorAddition
 

11:39:16 Build Finished. 0 errors, 11 warnings. (took 2s.631ms)

